Using pre-set license
Built from '2021.3/staging' branch; Version is '2021.3.13f1 (9e7d58001ecf) revision 10386776'; Using compiler version '192829333'; Build Type 'Release'
OS: 'Windows 10  (10.0.19044) 64bit Core' Language: 'es' Physical Memory: 3509 MB
BatchMode: 1, IsHumanControllingUs: 0, StartBugReporterOnCrash: 0, Is64bit: 1, IsPro: 1

COMMAND LINE ARGUMENTS:
C:\Program Files\Unity\Hub\Editor\2021.3.13f1\Editor\Unity.exe
-adb2
-batchMode
-noUpm
-name
AssetImportWorker12
-projectPath
C:/Users/basil/Documents/GitHub/unityactividad2/crearMenu/CreateMenu
-logFile
Logs/AssetImportWorker12.log
-srvPort
62522
Successfully changed project path to: C:/Users/basil/Documents/GitHub/unityactividad2/crearMenu/CreateMenu
C:/Users/basil/Documents/GitHub/unityactividad2/crearMenu/CreateMenu
[UnityMemory] Configuration Parameters - Can be set up in boot.config
    "memorysetup-bucket-allocator-granularity=16"
    "memorysetup-bucket-allocator-bucket-count=8"
    "memorysetup-bucket-allocator-block-size=33554432"
    "memorysetup-bucket-allocator-block-count=8"
    "memorysetup-main-allocator-block-size=16777216"
    "memorysetup-thread-allocator-block-size=16777216"
    "memorysetup-gfx-main-allocator-block-size=16777216"
    "memorysetup-gfx-thread-allocator-block-size=16777216"
    "memorysetup-cache-allocator-block-size=4194304"
    "memorysetup-typetree-allocator-block-size=2097152"
    "memorysetup-profiler-bucket-allocator-granularity=16"
    "memorysetup-profiler-bucket-allocator-bucket-count=8"
    "memorysetup-profiler-bucket-allocator-block-size=33554432"
    "memorysetup-profiler-bucket-allocator-block-count=8"
    "memorysetup-profiler-allocator-block-size=16777216"
    "memorysetup-profiler-editor-allocator-block-size=1048576"
    "memorysetup-temp-allocator-size-main=16777216"
    "memorysetup-job-temp-allocator-block-size=2097152"
    "memorysetup-job-temp-allocator-block-size-background=1048576"
    "memorysetup-job-temp-allocator-reduction-small-platforms=262144"
    "memorysetup-temp-allocator-size-background-worker=32768"
    "memorysetup-temp-allocator-size-job-worker=262144"
    "memorysetup-temp-allocator-size-preload-manager=33554432"
    "memorysetup-temp-allocator-size-nav-mesh-worker=65536"
    "memorysetup-temp-allocator-size-audio-worker=65536"
    "memorysetup-temp-allocator-size-cloud-worker=32768"
    "memorysetup-temp-allocator-size-gi-baking-worker=262144"
    "memorysetup-temp-allocator-size-gfx=262144"
Refreshing native plugins compatible for Editor in 590.52 ms, found 3 plugins.
Preloading 0 native plugins for Editor in 0.00 ms.
Initialize engine version: 2021.3.13f1 (9e7d58001ecf)
[Subsystems] Discovering subsystems at path C:/Program Files/Unity/Hub/Editor/2021.3.13f1/Editor/Data/Resources/UnitySubsystems
[Subsystems] Discovering subsystems at path C:/Users/basil/Documents/GitHub/unityactividad2/crearMenu/CreateMenu/Assets
GfxDevice: creating device client; threaded=0; jobified=0
Direct3D:
    Version:  Direct3D 11.0 [level 11.1]
    Renderer: AMD Radeon(TM) R2 Graphics (ID=0x9853)
    Vendor:   ATI
    VRAM:     1754 MB
    Driver:   27.20.1034.6
Initialize mono
Mono path[0] = 'C:/Program Files/Unity/Hub/Editor/2021.3.13f1/Editor/Data/Managed'
Mono path[1] = 'C:/Program Files/Unity/Hub/Editor/2021.3.13f1/Editor/Data/MonoBleedingEdge/lib/mono/unityjit-win32'
Mono config path = 'C:/Program Files/Unity/Hub/Editor/2021.3.13f1/Editor/Data/MonoBleedingEdge/etc'
Using monoOptions --debugger-agent=transport=dt_socket,embedding=1,server=y,suspend=n,address=127.0.0.1:56756
Begin MonoManager ReloadAssembly
Registering precompiled unity dll's ...
Register platform support module: C:/Program Files/Unity/Hub/Editor/2021.3.13f1/Editor/Data/PlaybackEngines/WebGLSupport/UnityEditor.WebGL.Extensions.dll
Register platform support module: C:/Program Files/Unity/Hub/Editor/2021.3.13f1/Editor/Data/PlaybackEngines/WindowsStandaloneSupport/UnityEditor.WindowsStandalone.Extensions.dll
Registered in 0.053010 seconds.
Native extension for WindowsStandalone target not found
Native extension for WebGL target not found
Refreshing native plugins compatible for Editor in 412.34 ms, found 3 plugins.
Preloading 0 native plugins for Editor in 0.00 ms.
Mono: successfully reloaded assembly
- Completed reload, in  4.950 seconds
Domain Reload Profiling:
	ReloadAssembly (4953ms)
		BeginReloadAssembly (587ms)
			ExecutionOrderSort (0ms)
			DisableScriptedObjects (0ms)
			BackupInstance (0ms)
			ReleaseScriptingObjects (0ms)
			CreateAndSetChildDomain (7ms)
		EndReloadAssembly (3324ms)
			LoadAssemblies (572ms)
			RebuildTransferFunctionScriptingTraits (0ms)
			SetupTypeCache (861ms)
			ReleaseScriptCaches (0ms)
			RebuildScriptCaches (187ms)
			SetupLoadedEditorAssemblies (1960ms)
				LogAssemblyErrors (0ms)
				InitializePlatformSupportModulesInManaged (58ms)
				SetLoadedEditorAssemblies (1ms)
				RefreshPlugins (413ms)
				BeforeProcessingInitializeOnLoad (7ms)
				ProcessInitializeOnLoadAttributes (1178ms)
				ProcessInitializeOnLoadMethodAttributes (303ms)
				AfterProcessingInitializeOnLoad (0ms)
				EditorAssembliesLoaded (1ms)
			ExecutionOrderSort2 (0ms)
			AwakeInstancesAfterBackupRestoration (0ms)
Platform modules already initialized, skipping
Registering precompiled user dll's ...
Registered in 0.044106 seconds.
Begin MonoManager ReloadAssembly
Symbol file LoadedFromMemory doesn't match image C:\Users\basil\Documents\GitHub\unityactividad2\crearMenu\CreateMenu\Library\PackageCache\com.unity.visualscripting@1.7.8\Editor\VisualScripting.Core\Dependencies\YamlDotNet\Unity.VisualScripting.YamlDotNet.dll
Symbol file LoadedFromMemory doesn't match image C:\Users\basil\Documents\GitHub\unityactividad2\crearMenu\CreateMenu\Library\PackageCache\com.unity.visualscripting@1.7.8\Editor\VisualScripting.Core\Dependencies\DotNetZip\Unity.VisualScripting.IonicZip.dll
Native extension for WindowsStandalone target not found
Native extension for WebGL target not found
Refreshing native plugins compatible for Editor in 2.45 ms, found 3 plugins.
Preloading 0 native plugins for Editor in 0.00 ms.
Mono: successfully reloaded assembly
- Completed reload, in 10.352 seconds
Domain Reload Profiling:
	ReloadAssembly (10356ms)
		BeginReloadAssembly (1145ms)
			ExecutionOrderSort (0ms)
			DisableScriptedObjects (36ms)
			BackupInstance (0ms)
			ReleaseScriptingObjects (1ms)
			CreateAndSetChildDomain (99ms)
		EndReloadAssembly (8027ms)
			LoadAssemblies (1005ms)
			RebuildTransferFunctionScriptingTraits (0ms)
			SetupTypeCache (3409ms)
			ReleaseScriptCaches (3ms)
			RebuildScriptCaches (552ms)
			SetupLoadedEditorAssemblies (3036ms)
				LogAssemblyErrors (0ms)
				InitializePlatformSupportModulesInManaged (47ms)
				SetLoadedEditorAssemblies (3ms)
				RefreshPlugins (3ms)
				BeforeProcessingInitializeOnLoad (960ms)
				ProcessInitializeOnLoadAttributes (1661ms)
				ProcessInitializeOnLoadMethodAttributes (304ms)
				AfterProcessingInitializeOnLoad (57ms)
				EditorAssembliesLoaded (1ms)
			ExecutionOrderSort2 (0ms)
			AwakeInstancesAfterBackupRestoration (36ms)
Platform modules already initialized, skipping
========================================================================
Worker process is ready to serve import requests
Launched and connected shader compiler UnityShaderCompiler.exe after 1.78 seconds
Refreshing native plugins compatible for Editor in 2.37 ms, found 3 plugins.
Preloading 0 native plugins for Editor in 0.00 ms.
Unloading 3364 Unused Serialized files (Serialized files now loaded: 0)
Unloading 25 unused Assets / (56.2 KB). Loaded Objects now: 3824.
Memory consumption went from 117.7 MB to 117.6 MB.
Total: 83.272500 ms (FindLiveObjects: 3.402700 ms CreateObjectMapping: 1.041300 ms MarkObjects: 78.481000 ms  DeleteObjects: 0.340600 ms)

AssetImportParameters requested are different than current active one (requested -> active):
  custom:video-decoder-ogg-theora: a1e56fd34408186e4bbccfd4996cb3dc -> 
  custom:container-muxer-webm: aa71ff27fc2769a1b78a27578f13a17b -> 
  custom:container-demuxer-webm: 4f35f7cbe854078d1ac9338744f61a02 -> 
  custom:video-encoder-webm-vp8: eb34c28f22e8b96e1ab97ce403110664 -> 
  custom:audio-encoder-webm-vorbis: bf7c407c2cedff20999df2af8eb42d56 -> 
  custom:framework-win-MediaFoundation: 216162199b28c13a410421893ffa2e32 -> 
  custom:container-demuxer-ogg: 62fdf1f143b41e24485cea50d1cbac27 -> 
  custom:video-decoder-webm-vp8: 9c59270c3fd7afecdb556c50c9e8de78 -> 
  custom:audio-decoder-ogg-vorbis: bf7c407c2cedff20999df2af8eb42d56 -> 
========================================================================
Received Import Request.
  Time since last request: 217269.187107 seconds.
  path: Assets/Escenas/fonso2d.jpg
  artifactKey: Guid(b726320af512f5b41be6f864fe3fbe53) Importer(815301076,1909f56bfc062723c751e8b465ee728b)
Start importing Assets/Escenas/fonso2d.jpg using Guid(b726320af512f5b41be6f864fe3fbe53) Importer(815301076,1909f56bfc062723c751e8b465ee728b)  -> (artifact id: 'fe82d4700735889ae72240ca41209f1e') in 1.663391 seconds 
========================================================================
Received Import Request.
  Time since last request: 0.005972 seconds.
  path: Assets/Escenas/EscenaCubo.unity
  artifactKey: Guid(043d182ef4bfab041a25fd68930492ec) Importer(815301076,1909f56bfc062723c751e8b465ee728b)
Start importing Assets/Escenas/EscenaCubo.unity using Guid(043d182ef4bfab041a25fd68930492ec) Importer(815301076,1909f56bfc062723c751e8b465ee728b)  -> (artifact id: '0f37ead9e49ede2acd1a2fc59e6dd7e1') in 0.117252 seconds 
========================================================================
Received Import Request.
  Time since last request: 0.000116 seconds.
  path: Assets/Escenas/backgroundfond.jpg
  artifactKey: Guid(5417eeab5a3e1954593bc2948231176e) Importer(815301076,1909f56bfc062723c751e8b465ee728b)
Start importing Assets/Escenas/backgroundfond.jpg using Guid(5417eeab5a3e1954593bc2948231176e) Importer(815301076,1909f56bfc062723c751e8b465ee728b)  -> (artifact id: '8c6f41c434b4fe5d33d7434c8f6a4c58') in 0.861234 seconds 
========================================================================
Received Import Request.
  Time since last request: 264.025880 seconds.
  path: Assets/Materials/Colorcubo.mat
  artifactKey: Guid(0200e6fbacf5cbb4cbfa4434d3966a21) Importer(815301076,1909f56bfc062723c751e8b465ee728b)
Start importing Assets/Materials/Colorcubo.mat using Guid(0200e6fbacf5cbb4cbfa4434d3966a21) Importer(815301076,1909f56bfc062723c751e8b465ee728b)  -> (artifact id: '3d9c21779d6d5e8effbeeec7f5150078') in 1.131242 seconds 
========================================================================
Received Import Request.
  Time since last request: 0.000104 seconds.
  path: Assets/Materials/New Material.mat
  artifactKey: Guid(0a2ef5799e9aa814b9e83eea37e6b735) Importer(815301076,1909f56bfc062723c751e8b465ee728b)
Start importing Assets/Materials/New Material.mat using Guid(0a2ef5799e9aa814b9e83eea37e6b735) Importer(815301076,1909f56bfc062723c751e8b465ee728b)  -> (artifact id: 'ce42e6252c9a5450c29b239b019073ea') in 0.286083 seconds 
========================================================================
Received Import Request.
  Time since last request: 167.057243 seconds.
  path: Assets/Escenas/EscenaCubo.unity
  artifactKey: Guid(043d182ef4bfab041a25fd68930492ec) Importer(815301076,1909f56bfc062723c751e8b465ee728b)
Start importing Assets/Escenas/EscenaCubo.unity using Guid(043d182ef4bfab041a25fd68930492ec) Importer(815301076,1909f56bfc062723c751e8b465ee728b)  -> (artifact id: 'd07493cdfc8edfb62c3957039e671f78') in 0.028449 seconds 
========================================================================
Received Import Request.
  Time since last request: 282.200185 seconds.
  path: Assets/Escenas/EscenaCubo.unity
  artifactKey: Guid(043d182ef4bfab041a25fd68930492ec) Importer(815301076,1909f56bfc062723c751e8b465ee728b)
Start importing Assets/Escenas/EscenaCubo.unity using Guid(043d182ef4bfab041a25fd68930492ec) Importer(815301076,1909f56bfc062723c751e8b465ee728b)  -> (artifact id: 'fb8a18356428efb9159d26b79c02698b') in 0.025375 seconds 
========================================================================
Received Import Request.
  Time since last request: 34.368721 seconds.
  path: Assets/Escenas/EscenaCubo.unity
  artifactKey: Guid(043d182ef4bfab041a25fd68930492ec) Importer(815301076,1909f56bfc062723c751e8b465ee728b)
Start importing Assets/Escenas/EscenaCubo.unity using Guid(043d182ef4bfab041a25fd68930492ec) Importer(815301076,1909f56bfc062723c751e8b465ee728b)  -> (artifact id: '8409cd2012c6492d137dac6d241f4c81') in 0.056623 seconds 
========================================================================
Received Prepare
Registering precompiled user dll's ...
Registered in 0.061479 seconds.
Begin MonoManager ReloadAssembly
Symbol file LoadedFromMemory doesn't match image C:\Users\basil\Documents\GitHub\unityactividad2\crearMenu\CreateMenu\Library\PackageCache\com.unity.visualscripting@1.7.8\Editor\VisualScripting.Core\Dependencies\YamlDotNet\Unity.VisualScripting.YamlDotNet.dll
Symbol file LoadedFromMemory doesn't match image C:\Users\basil\Documents\GitHub\unityactividad2\crearMenu\CreateMenu\Library\PackageCache\com.unity.visualscripting@1.7.8\Editor\VisualScripting.Core\Dependencies\DotNetZip\Unity.VisualScripting.IonicZip.dll
Native extension for WindowsStandalone target not found
Native extension for WebGL target not found
Refreshing native plugins compatible for Editor in 19.74 ms, found 3 plugins.
Preloading 0 native plugins for Editor in 0.00 ms.
Mono: successfully reloaded assembly
- Completed reload, in 30.699 seconds
Domain Reload Profiling:
	ReloadAssembly (30703ms)
		BeginReloadAssembly (3918ms)
			ExecutionOrderSort (0ms)
			DisableScriptedObjects (213ms)
			BackupInstance (0ms)
			ReleaseScriptingObjects (1ms)
			CreateAndSetChildDomain (838ms)
		EndReloadAssembly (23222ms)
			LoadAssemblies (3183ms)
			RebuildTransferFunctionScriptingTraits (0ms)
			SetupTypeCache (9372ms)
			ReleaseScriptCaches (26ms)
			RebuildScriptCaches (1924ms)
			SetupLoadedEditorAssemblies (7165ms)
				LogAssemblyErrors (5ms)
				InitializePlatformSupportModulesInManaged (761ms)
				SetLoadedEditorAssemblies (14ms)
				RefreshPlugins (20ms)
				BeforeProcessingInitializeOnLoad (3268ms)
				ProcessInitializeOnLoadAttributes (2807ms)
				ProcessInitializeOnLoadMethodAttributes (224ms)
				AfterProcessingInitializeOnLoad (63ms)
				EditorAssembliesLoaded (1ms)
			ExecutionOrderSort2 (0ms)
			AwakeInstancesAfterBackupRestoration (39ms)
Platform modules already initialized, skipping
Refreshing native plugins compatible for Editor in 27.11 ms, found 3 plugins.
Preloading 0 native plugins for Editor in 0.00 ms.
Unloading 3344 Unused Serialized files (Serialized files now loaded: 0)
Unloading 18 unused Assets / (24.6 KB). Loaded Objects now: 3875.
Memory consumption went from 120.6 MB to 120.6 MB.
Total: 52.928900 ms (FindLiveObjects: 1.592900 ms CreateObjectMapping: 0.862300 ms MarkObjects: 50.145100 ms  DeleteObjects: 0.322500 ms)

AssetImportParameters requested are different than current active one (requested -> active):
  custom:video-decoder-ogg-theora: a1e56fd34408186e4bbccfd4996cb3dc -> 
  custom:container-muxer-webm: aa71ff27fc2769a1b78a27578f13a17b -> 
  custom:container-demuxer-webm: 4f35f7cbe854078d1ac9338744f61a02 -> 
  custom:video-encoder-webm-vp8: eb34c28f22e8b96e1ab97ce403110664 -> 
  custom:audio-encoder-webm-vorbis: bf7c407c2cedff20999df2af8eb42d56 -> 
  custom:framework-win-MediaFoundation: 216162199b28c13a410421893ffa2e32 -> 
  custom:container-demuxer-ogg: 62fdf1f143b41e24485cea50d1cbac27 -> 
  custom:video-decoder-webm-vp8: 9c59270c3fd7afecdb556c50c9e8de78 -> 
  custom:audio-decoder-ogg-vorbis: bf7c407c2cedff20999df2af8eb42d56 -> 
========================================================================
Received Import Request.
  Time since last request: 546.057810 seconds.
  path: Assets/Escenas/Escenaimagen.unity
  artifactKey: Guid(22411f172a01b5b488ffcd8c2ccac47e) Importer(815301076,1909f56bfc062723c751e8b465ee728b)
Start importing Assets/Escenas/Escenaimagen.unity using Guid(22411f172a01b5b488ffcd8c2ccac47e) Importer(815301076,1909f56bfc062723c751e8b465ee728b)  -> (artifact id: '7105d43802dd287e349b86532d399ae8') in 0.059988 seconds 
========================================================================
Received Import Request.
  Time since last request: 2889.512325 seconds.
  path: Assets/Escenas/music_david_gwyn_jones_carnival_cavalcade_instrumental.mp3
  artifactKey: Guid(29b5a4dea6fef804faa4525d9757e326) Importer(815301076,1909f56bfc062723c751e8b465ee728b)
Start importing Assets/Escenas/music_david_gwyn_jones_carnival_cavalcade_instrumental.mp3 using Guid(29b5a4dea6fef804faa4525d9757e326) Importer(815301076,1909f56bfc062723c751e8b465ee728b)  -> (artifact id: '37b01ed47170b4d6ac5db01c4b43ba47') in 19.936305 seconds 
========================================================================
Received Import Request.
  Time since last request: 12.807459 seconds.
  path: Assets/Escenas/Escenaaudio.unity
  artifactKey: Guid(af0da5d3a7a1c6a42b8b76d13fb9d9a3) Importer(815301076,1909f56bfc062723c751e8b465ee728b)
Start importing Assets/Escenas/Escenaaudio.unity using Guid(af0da5d3a7a1c6a42b8b76d13fb9d9a3) Importer(815301076,1909f56bfc062723c751e8b465ee728b)  -> (artifact id: 'bf36438218fbfa5eb2b16a3c0e10261d') in 0.138334 seconds 
========================================================================
Received Import Request.
  Time since last request: 715.528332 seconds.
  path: Assets/Escenas/Escenaaudio.unity
  artifactKey: Guid(af0da5d3a7a1c6a42b8b76d13fb9d9a3) Importer(815301076,1909f56bfc062723c751e8b465ee728b)
Start importing Assets/Escenas/Escenaaudio.unity using Guid(af0da5d3a7a1c6a42b8b76d13fb9d9a3) Importer(815301076,1909f56bfc062723c751e8b465ee728b)  -> (artifact id: 'e525743e36eb6d92d80447e9818d9e24') in 0.216633 seconds 
========================================================================
Received Prepare
Registering precompiled user dll's ...
Registered in 0.411726 seconds.
Begin MonoManager ReloadAssembly
Symbol file LoadedFromMemory doesn't match image C:\Users\basil\Documents\GitHub\unityactividad2\crearMenu\CreateMenu\Library\PackageCache\com.unity.visualscripting@1.7.8\Editor\VisualScripting.Core\Dependencies\YamlDotNet\Unity.VisualScripting.YamlDotNet.dll
Symbol file LoadedFromMemory doesn't match image C:\Users\basil\Documents\GitHub\unityactividad2\crearMenu\CreateMenu\Library\PackageCache\com.unity.visualscripting@1.7.8\Editor\VisualScripting.Core\Dependencies\DotNetZip\Unity.VisualScripting.IonicZip.dll
Native extension for WindowsStandalone target not found
Native extension for WebGL target not found
Refreshing native plugins compatible for Editor in 2.83 ms, found 3 plugins.
Preloading 0 native plugins for Editor in 0.00 ms.
Mono: successfully reloaded assembly
- Completed reload, in 41.160 seconds
Domain Reload Profiling:
	ReloadAssembly (41215ms)
		BeginReloadAssembly (22621ms)
			ExecutionOrderSort (15ms)
			DisableScriptedObjects (1690ms)
			BackupInstance (0ms)
			ReleaseScriptingObjects (1ms)
			CreateAndSetChildDomain (12798ms)
		EndReloadAssembly (13817ms)
			LoadAssemblies (2639ms)
			RebuildTransferFunctionScriptingTraits (26ms)
			SetupTypeCache (7349ms)
			ReleaseScriptCaches (203ms)
			RebuildScriptCaches (623ms)
			SetupLoadedEditorAssemblies (3499ms)
				LogAssemblyErrors (0ms)
				InitializePlatformSupportModulesInManaged (151ms)
				SetLoadedEditorAssemblies (7ms)
				RefreshPlugins (3ms)
				BeforeProcessingInitializeOnLoad (516ms)
				ProcessInitializeOnLoadAttributes (2274ms)
				ProcessInitializeOnLoadMethodAttributes (484ms)
				AfterProcessingInitializeOnLoad (61ms)
				EditorAssembliesLoaded (2ms)
			ExecutionOrderSort2 (0ms)
			AwakeInstancesAfterBackupRestoration (110ms)
Platform modules already initialized, skipping
Refreshing native plugins compatible for Editor in 106.12 ms, found 3 plugins.
Preloading 0 native plugins for Editor in 0.00 ms.
Unloading 3344 Unused Serialized files (Serialized files now loaded: 0)
Unloading 18 unused Assets / (24.6 KB). Loaded Objects now: 3880.
Memory consumption went from 120.7 MB to 120.7 MB.
Total: 125.177400 ms (FindLiveObjects: 2.191600 ms CreateObjectMapping: 2.108500 ms MarkObjects: 103.636900 ms  DeleteObjects: 17.234800 ms)

AssetImportParameters requested are different than current active one (requested -> active):
  custom:video-decoder-ogg-theora: a1e56fd34408186e4bbccfd4996cb3dc -> 
  custom:container-muxer-webm: aa71ff27fc2769a1b78a27578f13a17b -> 
  custom:container-demuxer-webm: 4f35f7cbe854078d1ac9338744f61a02 -> 
  custom:video-encoder-webm-vp8: eb34c28f22e8b96e1ab97ce403110664 -> 
  custom:audio-encoder-webm-vorbis: bf7c407c2cedff20999df2af8eb42d56 -> 
  custom:framework-win-MediaFoundation: 216162199b28c13a410421893ffa2e32 -> 
  custom:container-demuxer-ogg: 62fdf1f143b41e24485cea50d1cbac27 -> 
  custom:video-decoder-webm-vp8: 9c59270c3fd7afecdb556c50c9e8de78 -> 
  custom:audio-decoder-ogg-vorbis: bf7c407c2cedff20999df2af8eb42d56 -> 
========================================================================
Received Import Request.
  Time since last request: 1111.607431 seconds.
  path: Assets/Escenas/Escenasumar.unity
  artifactKey: Guid(15456e3cf934a0047bb52d38f859add4) Importer(815301076,1909f56bfc062723c751e8b465ee728b)
Start importing Assets/Escenas/Escenasumar.unity using Guid(15456e3cf934a0047bb52d38f859add4) Importer(815301076,1909f56bfc062723c751e8b465ee728b)  -> (artifact id: '534aa984797afce0e3e6a33e9137006a') in 0.101891 seconds 
========================================================================
Received Prepare
Registering precompiled user dll's ...
Registered in 0.048331 seconds.
Begin MonoManager ReloadAssembly
Symbol file LoadedFromMemory doesn't match image C:\Users\basil\Documents\GitHub\unityactividad2\crearMenu\CreateMenu\Library\PackageCache\com.unity.visualscripting@1.7.8\Editor\VisualScripting.Core\Dependencies\YamlDotNet\Unity.VisualScripting.YamlDotNet.dll
Symbol file LoadedFromMemory doesn't match image C:\Users\basil\Documents\GitHub\unityactividad2\crearMenu\CreateMenu\Library\PackageCache\com.unity.visualscripting@1.7.8\Editor\VisualScripting.Core\Dependencies\DotNetZip\Unity.VisualScripting.IonicZip.dll
Native extension for WindowsStandalone target not found
Native extension for WebGL target not found
Refreshing native plugins compatible for Editor in 2.55 ms, found 3 plugins.
Preloading 0 native plugins for Editor in 0.00 ms.
Mono: successfully reloaded assembly
- Completed reload, in  8.680 seconds
Domain Reload Profiling:
	ReloadAssembly (8687ms)
		BeginReloadAssembly (1201ms)
			ExecutionOrderSort (0ms)
			DisableScriptedObjects (97ms)
			BackupInstance (0ms)
			ReleaseScriptingObjects (0ms)
			CreateAndSetChildDomain (280ms)
		EndReloadAssembly (6601ms)
			LoadAssemblies (656ms)
			RebuildTransferFunctionScriptingTraits (0ms)
			SetupTypeCache (1956ms)
			ReleaseScriptCaches (6ms)
			RebuildScriptCaches (448ms)
			SetupLoadedEditorAssemblies (3277ms)
				LogAssemblyErrors (0ms)
				InitializePlatformSupportModulesInManaged (139ms)
				SetLoadedEditorAssemblies (3ms)
				RefreshPlugins (3ms)
				BeforeProcessingInitializeOnLoad (680ms)
				ProcessInitializeOnLoadAttributes (2128ms)
				ProcessInitializeOnLoadMethodAttributes (255ms)
				AfterProcessingInitializeOnLoad (68ms)
				EditorAssembliesLoaded (1ms)
			ExecutionOrderSort2 (0ms)
			AwakeInstancesAfterBackupRestoration (53ms)
Platform modules already initialized, skipping
Refreshing native plugins compatible for Editor in 16.05 ms, found 3 plugins.
Preloading 0 native plugins for Editor in 0.00 ms.
Unloading 3344 Unused Serialized files (Serialized files now loaded: 0)
Unloading 18 unused Assets / (24.6 KB). Loaded Objects now: 3883.
Memory consumption went from 120.7 MB to 120.7 MB.
Total: 91.776300 ms (FindLiveObjects: 1.614200 ms CreateObjectMapping: 2.449700 ms MarkObjects: 87.604600 ms  DeleteObjects: 0.101900 ms)

AssetImportParameters requested are different than current active one (requested -> active):
  custom:video-decoder-ogg-theora: a1e56fd34408186e4bbccfd4996cb3dc -> 
  custom:container-muxer-webm: aa71ff27fc2769a1b78a27578f13a17b -> 
  custom:container-demuxer-webm: 4f35f7cbe854078d1ac9338744f61a02 -> 
  custom:video-encoder-webm-vp8: eb34c28f22e8b96e1ab97ce403110664 -> 
  custom:audio-encoder-webm-vorbis: bf7c407c2cedff20999df2af8eb42d56 -> 
  custom:framework-win-MediaFoundation: 216162199b28c13a410421893ffa2e32 -> 
  custom:container-demuxer-ogg: 62fdf1f143b41e24485cea50d1cbac27 -> 
  custom:video-decoder-webm-vp8: 9c59270c3fd7afecdb556c50c9e8de78 -> 
  custom:audio-decoder-ogg-vorbis: bf7c407c2cedff20999df2af8eb42d56 -> 
========================================================================
Received Prepare
Registering precompiled user dll's ...
Registered in 0.130847 seconds.
Begin MonoManager ReloadAssembly
Symbol file LoadedFromMemory doesn't match image C:\Users\basil\Documents\GitHub\unityactividad2\crearMenu\CreateMenu\Library\PackageCache\com.unity.visualscripting@1.7.8\Editor\VisualScripting.Core\Dependencies\YamlDotNet\Unity.VisualScripting.YamlDotNet.dll
Symbol file LoadedFromMemory doesn't match image C:\Users\basil\Documents\GitHub\unityactividad2\crearMenu\CreateMenu\Library\PackageCache\com.unity.visualscripting@1.7.8\Editor\VisualScripting.Core\Dependencies\DotNetZip\Unity.VisualScripting.IonicZip.dll
Native extension for WindowsStandalone target not found
Native extension for WebGL target not found
Refreshing native plugins compatible for Editor in 3.18 ms, found 3 plugins.
Preloading 0 native plugins for Editor in 0.00 ms.
Mono: successfully reloaded assembly
- Completed reload, in  7.949 seconds
Domain Reload Profiling:
	ReloadAssembly (7954ms)
		BeginReloadAssembly (1322ms)
			ExecutionOrderSort (0ms)
			DisableScriptedObjects (68ms)
			BackupInstance (0ms)
			ReleaseScriptingObjects (0ms)
			CreateAndSetChildDomain (355ms)
		EndReloadAssembly (5885ms)
			LoadAssemblies (820ms)
			RebuildTransferFunctionScriptingTraits (0ms)
			SetupTypeCache (1924ms)
			ReleaseScriptCaches (9ms)
			RebuildScriptCaches (351ms)
			SetupLoadedEditorAssemblies (2545ms)
				LogAssemblyErrors (0ms)
				InitializePlatformSupportModulesInManaged (118ms)
				SetLoadedEditorAssemblies (3ms)
				RefreshPlugins (4ms)
				BeforeProcessingInitializeOnLoad (484ms)
				ProcessInitializeOnLoadAttributes (1688ms)
				ProcessInitializeOnLoadMethodAttributes (193ms)
				AfterProcessingInitializeOnLoad (54ms)
				EditorAssembliesLoaded (1ms)
			ExecutionOrderSort2 (0ms)
			AwakeInstancesAfterBackupRestoration (37ms)
Platform modules already initialized, skipping
Refreshing native plugins compatible for Editor in 11.61 ms, found 3 plugins.
Preloading 0 native plugins for Editor in 0.00 ms.
Unloading 3344 Unused Serialized files (Serialized files now loaded: 0)
Unloading 18 unused Assets / (24.7 KB). Loaded Objects now: 3886.
Memory consumption went from 120.7 MB to 120.7 MB.
Total: 14.758600 ms (FindLiveObjects: 1.318700 ms CreateObjectMapping: 0.747700 ms MarkObjects: 12.516200 ms  DeleteObjects: 0.171300 ms)

AssetImportParameters requested are different than current active one (requested -> active):
  custom:video-decoder-ogg-theora: a1e56fd34408186e4bbccfd4996cb3dc -> 
  custom:container-muxer-webm: aa71ff27fc2769a1b78a27578f13a17b -> 
  custom:container-demuxer-webm: 4f35f7cbe854078d1ac9338744f61a02 -> 
  custom:video-encoder-webm-vp8: eb34c28f22e8b96e1ab97ce403110664 -> 
  custom:audio-encoder-webm-vorbis: bf7c407c2cedff20999df2af8eb42d56 -> 
  custom:framework-win-MediaFoundation: 216162199b28c13a410421893ffa2e32 -> 
  custom:container-demuxer-ogg: 62fdf1f143b41e24485cea50d1cbac27 -> 
  custom:video-decoder-webm-vp8: 9c59270c3fd7afecdb556c50c9e8de78 -> 
  custom:audio-decoder-ogg-vorbis: bf7c407c2cedff20999df2af8eb42d56 -> 
========================================================================
Received Import Request.
  Time since last request: 363.650179 seconds.
  path: Assets/Escenas/Escenasumar.unity
  artifactKey: Guid(15456e3cf934a0047bb52d38f859add4) Importer(815301076,1909f56bfc062723c751e8b465ee728b)
Start importing Assets/Escenas/Escenasumar.unity using Guid(15456e3cf934a0047bb52d38f859add4) Importer(815301076,1909f56bfc062723c751e8b465ee728b)  -> (artifact id: '8012ff96b49b98b5fc8475f82fe09009') in 0.116418 seconds 
========================================================================
Received Import Request.
  Time since last request: 136.582827 seconds.
  path: Assets/Escenas/Escenasumar.unity
  artifactKey: Guid(15456e3cf934a0047bb52d38f859add4) Importer(815301076,1909f56bfc062723c751e8b465ee728b)
Start importing Assets/Escenas/Escenasumar.unity using Guid(15456e3cf934a0047bb52d38f859add4) Importer(815301076,1909f56bfc062723c751e8b465ee728b)  -> (artifact id: 'aa32eab0735ba18f3553e49ee198553e') in 0.161456 seconds 
